2024-12-18 19:04:25,999 - root - INFO - Starting AppleBlox API
2024-12-18 19:04:26,195 - utils.http_client - ERROR - HTTP 404 from https://clientsettings.roblox.com/v2/settings/application?applicationName=MacStudioApp
2024-12-18 19:04:26,215 - utils.http_client - ERROR - HTTP 404 from https://clientsettings.roblox.com/v2/settings/application?applicationName=PCStudioBootstrapper
2024-12-18 19:04:26,217 - utils.http_client - ERROR - HTTP 404 from https://clientsettings.roblox.com/v2/settings/application?applicationName=PCClientBootstrapper
2024-12-18 19:04:26,217 - utils.http_client - ERROR - HTTP 404 from https://clientsettings.roblox.com/v2/settings/application?applicationName=XboxClient
2024-12-18 19:04:26,218 - utils.http_client - ERROR - HTTP 404 from https://clientsettings.roblox.com/v2/settings/application?applicationName=PCStudioApp
2024-12-18 19:04:26,219 - utils.http_client - ERROR - HTTP 404 from https://clientsettings.roblox.com/v2/settings/application?applicationName=iOSApp
2024-12-18 19:04:26,220 - utils.http_client - ERROR - HTTP 404 from https://clientsettings.roblox.com/v2/settings/application?applicationName=PCDesktopClient
2024-12-18 19:04:26,222 - utils.http_client - ERROR - HTTP 404 from https://clientsettings.roblox.com/v2/settings/application?applicationName=MacClientBootstrapper
2024-12-18 19:04:26,228 - utils.http_client - ERROR - HTTP 404 from https://clientsettings.roblox.com/v2/settings/application?applicationName=UWPApp
2024-12-18 19:04:26,233 - utils.http_client - ERROR - HTTP 404 from https://clientsettings.roblox.com/v2/settings/application?applicationName=MacStudioBootstrapper
2024-12-18 19:04:26,236 - utils.http_client - ERROR - HTTP 404 from https://clientsettings.roblox.com/v2/settings/application?applicationName=PlayStationClient
2024-12-18 19:04:26,412 - utils.http_client - ERROR - HTTP 404 from https://clientsettings.roblox.com/v2/settings/application?applicationName=MacDesktopClient
2024-12-18 19:04:26,424 - utils.http_client - ERROR - HTTP 404 from https://clientsettings.roblox.com/v2/settings/application?applicationName=AndroidApp
2024-12-18 19:04:26,424 - root - INFO - Services initialized successfully
2024-12-18 19:04:26,470 - werkzeug - INFO - [31m[1mWARNING: This is a development server. Do not use it in a production deployment. Use a production WSGI server instead.[0m
 * Running on all addresses (0.0.0.0)
 * Running on http://127.0.0.1:8000
 * Running on http://10.0.4.10:8000
2024-12-18 19:04:26,470 - werkzeug - INFO - [33mPress CTRL+C to quit[0m
2024-12-18 19:05:41,039 - root - INFO - Shutting down AppleBlox API
2024-12-18 19:05:41,068 - asyncio - ERROR - Unclosed client session
client_session: <aiohttp.client.ClientSession object at 0x00000252F9270050>
2024-12-18 19:05:41,071 - asyncio - ERROR - Unclosed connector
connections: ['[(<aiohttp.client_proto.ResponseHandler object at 0x00000252F927C470>, 21630.9958135), (<aiohttp.client_proto.ResponseHandler object at 0x00000252F927C8F0>, 21631.016001), (<aiohttp.client_proto.ResponseHandler object at 0x00000252F927CB30>, 21631.0178117), (<aiohttp.client_proto.ResponseHandler object at 0x00000252F927CD70>, 21631.0182136), (<aiohttp.client_proto.ResponseHandler object at 0x00000252F927CFB0>, 21631.0195294), (<aiohttp.client_proto.ResponseHandler object at 0x00000252F927CE90>, 21631.0201968), (<aiohttp.client_proto.ResponseHandler object at 0x00000252F927CA10>, 21631.0212446), (<aiohttp.client_proto.ResponseHandler object at 0x00000252F927CC50>, 21631.0236441), (<aiohttp.client_proto.ResponseHandler object at 0x00000252F927D310>, 21631.0293733), (<aiohttp.client_proto.ResponseHandler object at 0x00000252F927D430>, 21631.0341619), (<aiohttp.client_proto.ResponseHandler object at 0x00000252F927D0D0>, 21631.0372435), (<aiohttp.client_proto.ResponseHandler object at 0x00000252F927D1F0>, 21631.2128997), (<aiohttp.client_proto.ResponseHandler object at 0x00000252F927D550>, 21631.2252761)]']
connector: <aiohttp.connector.TCPConnector object at 0x00000252F92701A0>
2024-12-18 19:05:43,355 - root - INFO - Starting AppleBlox API
2024-12-18 19:05:43,357 - core.flag_service - ERROR - Cache update failed: FlagFetcher.fetch_all_flags() takes 1 positional argument but 2 were given
2024-12-18 19:05:43,357 - root - ERROR - Service initialization failed: FlagFetcher.fetch_all_flags() takes 1 positional argument but 2 were given
2024-12-18 19:05:43,358 - root - ERROR - Application startup failed: FlagFetcher.fetch_all_flags() takes 1 positional argument but 2 were given
2024-12-18 19:07:12,965 - root - INFO - Starting AppleBlox API
2024-12-18 19:07:13,493 - core.flag_fetcher - INFO - Successfully fetched flags for MacDesktopClient
2024-12-18 19:07:13,502 - core.flag_fetcher - INFO - Successfully fetched flags for PCStudioApp
2024-12-18 19:07:13,511 - core.flag_fetcher - INFO - Successfully fetched flags for UWPApp
2024-12-18 19:07:13,518 - core.flag_fetcher - INFO - Successfully fetched flags for PCDesktopClient
2024-12-18 19:07:13,527 - core.flag_fetcher - INFO - Successfully fetched flags for AndroidApp
2024-12-18 19:07:13,559 - core.flag_fetcher - INFO - Successfully fetched flags for iOSApp
2024-12-18 19:07:13,569 - core.flag_fetcher - INFO - Successfully fetched flags for XboxClient
2024-12-18 19:07:13,623 - core.flag_fetcher - INFO - Successfully fetched flags for MacStudioApp
2024-12-18 19:07:13,623 - core.flag_fetcher - INFO - Completed flag fetch for 8 clients
2024-12-18 19:07:13,627 - core.flag_service - INFO - Updated 1556 flags for UWPApp
2024-12-18 19:07:13,631 - core.flag_service - INFO - Updated 1619 flags for PCStudioApp
2024-12-18 19:07:13,634 - core.flag_service - INFO - Updated 1568 flags for XboxClient
2024-12-18 19:07:13,638 - core.flag_service - INFO - Updated 1601 flags for PCDesktopClient
2024-12-18 19:07:13,641 - core.flag_service - INFO - Updated 1604 flags for AndroidApp
2024-12-18 19:07:13,644 - core.flag_service - INFO - Updated 1621 flags for MacStudioApp
2024-12-18 19:07:13,650 - core.flag_service - INFO - Updated 1586 flags for iOSApp
2024-12-18 19:07:13,653 - core.flag_service - INFO - Updated 1610 flags for MacDesktopClient
2024-12-18 19:07:13,653 - core.flag_service - INFO - Cache update completed. Total apps: 8
2024-12-18 19:07:13,654 - root - INFO - Services initialized successfully
2024-12-18 19:07:13,695 - werkzeug - INFO - [31m[1mWARNING: This is a development server. Do not use it in a production deployment. Use a production WSGI server instead.[0m
 * Running on all addresses (0.0.0.0)
 * Running on http://127.0.0.1:8000
 * Running on http://10.0.4.10:8000
2024-12-18 19:07:13,695 - werkzeug - INFO - [33mPress CTRL+C to quit[0m
2024-12-18 19:07:39,108 - werkzeug - INFO - 127.0.0.1 - - [18/Dec/2024 19:07:39] "GET / HTTP/1.1" 200 -
2024-12-18 19:07:39,121 - werkzeug - INFO - 127.0.0.1 - - [18/Dec/2024 19:07:39] "GET /api/application/PCDesktopClient HTTP/1.1" 200 -
2024-12-18 19:07:39,387 - werkzeug - INFO - 127.0.0.1 - - [18/Dec/2024 19:07:39] "GET /api/application/MacDesktopClient HTTP/1.1" 200 -
2024-12-18 19:07:39,403 - werkzeug - INFO - 127.0.0.1 - - [18/Dec/2024 19:07:39] "GET /api/application/iOSApp HTTP/1.1" 200 -
2024-12-18 19:07:39,662 - app - ERROR - Exception on /api/application/InvalidApp [GET]
Traceback (most recent call last):
  File "C:\Users\Shadow\Desktop\FlagsMan\src\api\routes.py", line 27, in get_application_flags
    flags = await flag_service.get_application_flags(app_id)
            ^^^^^^^^^^^^^^^^^^^^^^^^^^^^^^^^^^^^^^^^^^^^^^^^
  File "C:\Users\Shadow\Desktop\FlagsMan\src\core\flag_service.py", line 88, in get_application_flags
    raise ValueError(f"Invalid application ID: {app_id}")
ValueError: Invalid application ID: InvalidApp

During handling of the above exception, another exception occurred:

Traceback (most recent call last):
  File "C:\Users\Shadow\AppData\Local\Programs\Python\Python313\Lib\site-packages\flask\app.py", line 1463, in wsgi_app
    response = self.full_dispatch_request()
  File "C:\Users\Shadow\AppData\Local\Programs\Python\Python313\Lib\site-packages\flask\app.py", line 872, in full_dispatch_request
    rv = self.handle_user_exception(e)
  File "C:\Users\Shadow\AppData\Local\Programs\Python\Python313\Lib\site-packages\flask\app.py", line 870, in full_dispatch_request
    rv = self.dispatch_request()
  File "C:\Users\Shadow\AppData\Local\Programs\Python\Python313\Lib\site-packages\flask\app.py", line 855, in dispatch_request
    return self.ensure_sync(self.view_functions[rule.endpoint])(**view_args)  # type: ignore[no-any-return]
           ~~~~~~~~~~~~~~~~~~~~~~~~~~~~~~~~~~~~~~~~~~~~~~~~~~~~^^^^^^^^^^^^^
  File "C:\Users\Shadow\Desktop\FlagsMan\src\api\routes.py", line 17, in wrapper
    return loop.run_until_complete(f(*args, **kwargs))
           ~~~~~~~~~~~~~~~~~~~~~~~^^^^^^^^^^^^^^^^^^^^
  File "C:\Users\Shadow\AppData\Local\Programs\Python\Python313\Lib\asyncio\base_events.py", line 721, in run_until_complete
    return future.result()
           ~~~~~~~~~~~~~^^
  File "C:\Users\Shadow\Desktop\FlagsMan\src\api\routes.py", line 35, in get_application_flags
    'valid_applications': list(flag_service.VALID_APPLICATIONS)
                               ^^^^^^^^^^^^^^^^^^^^^^^^^^^^^^^
AttributeError: 'FlagService' object has no attribute 'VALID_APPLICATIONS'
2024-12-18 19:07:39,672 - root - ERROR - Server error: 500 Internal Server Error: The server encountered an internal error and was unable to complete your request. Either the server is overloaded or there is an error in the application.
2024-12-18 19:07:39,679 - werkzeug - INFO - 127.0.0.1 - - [18/Dec/2024 19:07:39] "[35m[1mGET /api/application/InvalidApp HTTP/1.1[0m" 500 -
2024-12-18 19:07:39,686 - werkzeug - INFO - 127.0.0.1 - - [18/Dec/2024 19:07:39] "POST /api/check HTTP/1.1" 200 -
2024-12-18 19:09:53,789 - root - INFO - Shutting down AppleBlox API
2024-12-18 19:09:53,824 - asyncio - ERROR - Unclosed client session
client_session: <aiohttp.client.ClientSession object at 0x000002B4F0C1C050>
2024-12-18 19:09:53,827 - asyncio - ERROR - Unclosed connector
connections: ['[(<aiohttp.client_proto.ResponseHandler object at 0x000002B4F0C28590>, 21798.2874005), (<aiohttp.client_proto.ResponseHandler object at 0x000002B4F0C28D10>, 21798.2968412), (<aiohttp.client_proto.ResponseHandler object at 0x000002B4F0C29070>, 21798.3056957), (<aiohttp.client_proto.ResponseHandler object at 0x000002B4F0C28F50>, 21798.313268), (<aiohttp.client_proto.ResponseHandler object at 0x000002B4F0C289B0>, 21798.3218624), (<aiohttp.client_proto.ResponseHandler object at 0x000002B4F0C28BF0>, 21798.3536057), (<aiohttp.client_proto.ResponseHandler object at 0x000002B4F0C28AD0>, 21798.364861), (<aiohttp.client_proto.ResponseHandler object at 0x000002B4F0C28E30>, 21798.4175734)]']
connector: <aiohttp.connector.TCPConnector object at 0x000002B4F0C1C1A0>
